<?xml version="1.0" encoding="UTF-8"?>
<testsuite xmlns:xsi="http://www.w3.org/2001/XMLSchema-instance" xsi:noNamespaceSchemaLocation="https://maven.apache.org/surefire/maven-surefire-plugin/xsd/surefire-test-report-3.0.xsd" version="3.0" name="com.example.demo.EmployeeControllerTest" time="3.439" tests="2" errors="0" skipped="0" failures="0">
  <properties>
[...]
</properties>
  <testcase name="testGetEmployees" classname="com.example.demo.EmployeeControllerTest" time="0.934">
    <system-out><![CDATA[15:07:00.862 [main] INFO org.springframework.test.context.support.AnnotationConfigContextLoaderUtils -- Could not detect default configuration classes for test class [com.example.demo.EmployeeControllerTest]: EmployeeControllerTest does not declare any static, non-private, non-final, nested classes annotated with @Configuration.
15:07:00.973 [main] INFO org.springframework.boot.test.context.SpringBootTestContextBootstrapper -- Found @SpringBootConfiguration com.example.demo.RestServiceApplication for test class com.example.demo.EmployeeControllerTest

  .   ____          _            __ _ _
 /\\ / ___'_ __ _ _(_)_ __  __ _ \ \ \ \
( ( )\___ | '_ | '_| | '_ \/ _` | \ \ \ \
 \\/  ___)| |_)| | | | | || (_| |  ) ) ) )
  '  |____| .__|_| |_|_| |_\__, | / / / /
 =========|_|==============|___/=/_/_/_/
 :: Spring Boot ::                (v3.2.0)

2025-06-26T15:07:01.431-05:00  INFO 25664 --- [           main] c.example.demo.EmployeeControllerTest    : Starting EmployeeControllerTest using Java 17.0.12 with PID 25664 (started by kanta in C:\Users\kanta\OneDrive\Desktop\employee-rest-service)
2025-06-26T15:07:01.433-05:00  INFO 25664 --- [           main] c.example.demo.EmployeeControllerTest    : No active profile set, falling back to 1 default profile: "default"
2025-06-26T15:07:02.559-05:00  INFO 25664 --- [           main] o.s.b.w.embedded.tomcat.TomcatWebServer  : Tomcat initialized with port 0 (http)
2025-06-26T15:07:02.576-05:00  INFO 25664 --- [           main] o.apache.catalina.core.StandardService   : Starting service [Tomcat]
2025-06-26T15:07:02.578-05:00  INFO 25664 --- [           main] o.apache.catalina.core.StandardEngine    : Starting Servlet engine: [Apache Tomcat/10.1.16]
2025-06-26T15:07:02.638-05:00  INFO 25664 --- [           main] o.a.c.c.C.[Tomcat].[localhost].[/]       : Initializing Spring embedded WebApplicationContext
2025-06-26T15:07:02.640-05:00  INFO 25664 --- [           main] w.s.c.ServletWebServerApplicationContext : Root WebApplicationContext: initialization completed in 1183 ms
2025-06-26T15:07:03.152-05:00  INFO 25664 --- [           main] o.s.b.w.embedded.tomcat.TomcatWebServer  : Tomcat started on port 59855 (http) with context path ''
2025-06-26T15:07:03.158-05:00  INFO 25664 --- [           main] c.example.demo.EmployeeControllerTest    : Started EmployeeControllerTest in 2.021 seconds (process running for 2.948)
2025-06-26T15:07:03.970-05:00  INFO 25664 --- [o-auto-1-exec-1] o.a.c.c.C.[Tomcat].[localhost].[/]       : Initializing Spring DispatcherServlet 'dispatcherServlet'
2025-06-26T15:07:03.971-05:00  INFO 25664 --- [o-auto-1-exec-1] o.s.web.servlet.DispatcherServlet        : Initializing Servlet 'dispatcherServlet'
2025-06-26T15:07:03.971-05:00  INFO 25664 --- [o-auto-1-exec-1] o.s.web.servlet.DispatcherServlet        : Completed initialization in 0 ms
]]></system-out>
  </testcase>
  <testcase name="testAddEmployee" classname="com.example.demo.EmployeeControllerTest" time="0.063"/>
</testsuite>